<?xml version="1.0" encoding="UTF-8"?>
<!-- Generated by org.testng.reporters.JUnitReportReporter -->
<testsuite name="org.com.reusablefunctions.Keywords" tests="1" time="30.839" ignored="3" failures="0" timestamp="09 Jul 2017 05:30:15 GMT" skipped="0" hostname="Amuthan" errors="0">
  <testcase name="testcase1" time="30.839" classname="org.com.reusablefunctions.Keywords"/>
  <testcase name="setup" classname="org.com.main.DriverScript">
    <skipped/>
  </testcase> <!-- setup -->
  <testcase name="testcase2" classname="org.com.main.DriverScript">
    <skipped/>
  </testcase> <!-- testcase2 -->
  <testcase name="testcase2" classname="org.com.main.DriverScript">
    <skipped/>
  </testcase> <!-- testcase2 -->
</testsuite> <!-- org.com.reusablefunctions.Keywords -->
